#! /usr/bin/vvp
:ivl_version "12.0 (stable)";
:ivl_delay_selection "TYPICAL";
:vpi_time_precision - 12;
:vpi_module "/usr/lib/x86_64-linux-gnu/ivl/system.vpi";
:vpi_module "/usr/lib/x86_64-linux-gnu/ivl/vhdl_sys.vpi";
:vpi_module "/usr/lib/x86_64-linux-gnu/ivl/vhdl_textio.vpi";
:vpi_module "/usr/lib/x86_64-linux-gnu/ivl/v2005_math.vpi";
:vpi_module "/usr/lib/x86_64-linux-gnu/ivl/va_math.vpi";
S_0x5ddce0c992c0 .scope module, "tb_top" "tb_top" 2 2;
 .timescale -9 -12;
v0x5ddce0ccd730_0 .var "clk", 0 0;
v0x5ddce0ccd7d0_0 .var "reset", 0 0;
S_0x5ddce0c9d850 .scope module, "DUT" "riscv_top" 2 5, 3 1 0, S_0x5ddce0c992c0;
 .timescale -9 -12;
    .port_info 0 /INPUT 1 "clk";
    .port_info 1 /INPUT 1 "reset";
    .port_info 2 /OUTPUT 16 "led";
v0x5ddce0ccc8a0_0 .net "alu_control", 3 0, v0x5ddce0c76200_0;  1 drivers
v0x5ddce0ccc980_0 .net "alusrc", 0 0, L_0x5ddce0ccd9d0;  1 drivers
v0x5ddce0cccad0_0 .net "clk", 0 0, v0x5ddce0ccd730_0;  1 drivers
v0x5ddce0cccc00_0 .net "immsrc", 2 0, L_0x5ddce0ccd930;  1 drivers
v0x5ddce0cccd30_0 .net "instr", 31 0, L_0x5ddce0ccfcf0;  1 drivers
v0x5ddce0cccdd0_0 .net "led", 15 0, L_0x5ddce0ce2740;  1 drivers
v0x5ddce0ccce90_0 .net "memwrite", 0 0, L_0x5ddce0ccda70;  1 drivers
v0x5ddce0cccfc0_0 .net "pcsrc", 0 0, L_0x5ddce0ccf930;  1 drivers
v0x5ddce0cc9da0_2 .array/port v0x5ddce0cc9da0, 2;
v0x5ddce0ccd060_0 .net "reg2_value", 31 0, v0x5ddce0cc9da0_2;  1 drivers
v0x5ddce0ccd1b0_0 .net "regwrite", 0 0, L_0x5ddce0ccd890;  1 drivers
v0x5ddce0ccd2e0_0 .net "reset", 0 0, v0x5ddce0ccd7d0_0;  1 drivers
v0x5ddce0ccd380_0 .net "resultsrc", 1 0, L_0x5ddce0ccdba0;  1 drivers
v0x5ddce0ccd4d0_0 .net "slt", 0 0, L_0x5ddce0ce1ed0;  1 drivers
v0x5ddce0ccd570_0 .net "sltu", 0 0, L_0x5ddce0ce2010;  1 drivers
v0x5ddce0ccd610_0 .net "zero", 0 0, v0x5ddce0cc4890_0;  1 drivers
L_0x5ddce0ccfa30 .part L_0x5ddce0ccfcf0, 0, 7;
L_0x5ddce0ccfb20 .part L_0x5ddce0ccfcf0, 12, 3;
L_0x5ddce0ccfbc0 .part L_0x5ddce0ccfcf0, 30, 1;
L_0x5ddce0ce2740 .part v0x5ddce0cc9da0_2, 0, 16;
S_0x5ddce0c9b510 .scope module, "cp" "control_path" 3 14, 4 1 0, S_0x5ddce0c9d850;
 .timescale 0 0;
    .port_info 0 /INPUT 7 "op";
    .port_info 1 /INPUT 3 "funct3";
    .port_info 2 /INPUT 1 "funct7b5";
    .port_info 3 /INPUT 1 "zero";
    .port_info 4 /INPUT 1 "slt";
    .port_info 5 /INPUT 1 "sltu";
    .port_info 6 /OUTPUT 4 "alu_control";
    .port_info 7 /OUTPUT 2 "resultsrc";
    .port_info 8 /OUTPUT 3 "immsrc";
    .port_info 9 /OUTPUT 1 "memwrite";
    .port_info 10 /OUTPUT 1 "alusrc";
    .port_info 11 /OUTPUT 1 "regwrite";
    .port_info 12 /OUTPUT 1 "pcsrc";
L_0x5ddce0cce3e0 .functor AND 1, L_0x5ddce0cce340, v0x5ddce0cc4890_0, C4<1>, C4<1>;
L_0x5ddce0cce670 .functor AND 1, L_0x5ddce0cce530, L_0x5ddce0cce5d0, C4<1>, C4<1>;
L_0x5ddce0cce780 .functor OR 1, L_0x5ddce0cce3e0, L_0x5ddce0cce670, C4<0>, C4<0>;
L_0x5ddce0cce980 .functor AND 1, L_0x5ddce0cce890, L_0x5ddce0ce1ed0, C4<1>, C4<1>;
L_0x5ddce0ccead0 .functor OR 1, L_0x5ddce0cce780, L_0x5ddce0cce980, C4<0>, C4<0>;
L_0x5ddce0ccedb0 .functor AND 1, L_0x5ddce0ccebe0, L_0x5ddce0cced10, C4<1>, C4<1>;
L_0x5ddce0ccef00 .functor OR 1, L_0x5ddce0ccead0, L_0x5ddce0ccedb0, C4<0>, C4<0>;
L_0x5ddce0ccf260 .functor AND 1, L_0x5ddce0ccf010, L_0x5ddce0ce2010, C4<1>, C4<1>;
L_0x5ddce0ccf370 .functor OR 1, L_0x5ddce0ccef00, L_0x5ddce0ccf260, C4<0>, C4<0>;
L_0x5ddce0ccf620 .functor AND 1, L_0x5ddce0ccf430, L_0x5ddce0ccf520, C4<1>, C4<1>;
L_0x5ddce0ccf740 .functor OR 1, L_0x5ddce0ccf370, L_0x5ddce0ccf620, C4<0>, C4<0>;
L_0x5ddce0ccf800 .functor AND 1, L_0x5ddce0ccdc40, L_0x5ddce0ccf740, C4<1>, C4<1>;
L_0x5ddce0ccf930 .functor OR 1, L_0x5ddce0ccf800, L_0x5ddce0ccddc0, C4<0>, C4<0>;
v0x5ddce0cc0bb0_0 .net "Aluop", 1 0, L_0x5ddce0ccdd20;  1 drivers
v0x5ddce0cc0c90_0 .net "Branch", 0 0, L_0x5ddce0ccdc40;  1 drivers
v0x5ddce0cc0d50_0 .net "Jump", 0 0, L_0x5ddce0ccddc0;  1 drivers
v0x5ddce0cc0e20_0 .net *"_ivl_10", 0 0, L_0x5ddce0cce530;  1 drivers
v0x5ddce0cc0ec0_0 .net *"_ivl_13", 0 0, L_0x5ddce0cce5d0;  1 drivers
v0x5ddce0cc0fb0_0 .net *"_ivl_15", 0 0, L_0x5ddce0cce670;  1 drivers
v0x5ddce0cc1050_0 .net *"_ivl_17", 0 0, L_0x5ddce0cce780;  1 drivers
L_0x7f23ea5570f0 .functor BUFT 1, C4<100>, C4<0>, C4<0>, C4<0>;
v0x5ddce0cc10f0_0 .net/2u *"_ivl_18", 2 0, L_0x7f23ea5570f0;  1 drivers
L_0x7f23ea557060 .functor BUFT 1, C4<000>, C4<0>, C4<0>, C4<0>;
v0x5ddce0cc11d0_0 .net/2u *"_ivl_2", 2 0, L_0x7f23ea557060;  1 drivers
v0x5ddce0cc1340_0 .net *"_ivl_20", 0 0, L_0x5ddce0cce890;  1 drivers
v0x5ddce0cc1400_0 .net *"_ivl_23", 0 0, L_0x5ddce0cce980;  1 drivers
v0x5ddce0cc14c0_0 .net *"_ivl_25", 0 0, L_0x5ddce0ccead0;  1 drivers
L_0x7f23ea557138 .functor BUFT 1, C4<101>, C4<0>, C4<0>, C4<0>;
v0x5ddce0cc1580_0 .net/2u *"_ivl_26", 2 0, L_0x7f23ea557138;  1 drivers
v0x5ddce0cc1660_0 .net *"_ivl_28", 0 0, L_0x5ddce0ccebe0;  1 drivers
v0x5ddce0cc1720_0 .net *"_ivl_31", 0 0, L_0x5ddce0cced10;  1 drivers
v0x5ddce0cc17e0_0 .net *"_ivl_33", 0 0, L_0x5ddce0ccedb0;  1 drivers
v0x5ddce0cc18a0_0 .net *"_ivl_35", 0 0, L_0x5ddce0ccef00;  1 drivers
L_0x7f23ea557180 .functor BUFT 1, C4<110>, C4<0>, C4<0>, C4<0>;
v0x5ddce0cc1960_0 .net/2u *"_ivl_36", 2 0, L_0x7f23ea557180;  1 drivers
v0x5ddce0cc1a40_0 .net *"_ivl_38", 0 0, L_0x5ddce0ccf010;  1 drivers
v0x5ddce0cc1b00_0 .net *"_ivl_4", 0 0, L_0x5ddce0cce340;  1 drivers
v0x5ddce0cc1bc0_0 .net *"_ivl_41", 0 0, L_0x5ddce0ccf260;  1 drivers
v0x5ddce0cc1c80_0 .net *"_ivl_43", 0 0, L_0x5ddce0ccf370;  1 drivers
L_0x7f23ea5571c8 .functor BUFT 1, C4<111>, C4<0>, C4<0>, C4<0>;
v0x5ddce0cc1d40_0 .net/2u *"_ivl_44", 2 0, L_0x7f23ea5571c8;  1 drivers
v0x5ddce0cc1e20_0 .net *"_ivl_46", 0 0, L_0x5ddce0ccf430;  1 drivers
v0x5ddce0cc1ee0_0 .net *"_ivl_49", 0 0, L_0x5ddce0ccf520;  1 drivers
v0x5ddce0cc1fa0_0 .net *"_ivl_51", 0 0, L_0x5ddce0ccf620;  1 drivers
v0x5ddce0cc2060_0 .net *"_ivl_54", 0 0, L_0x5ddce0ccf800;  1 drivers
v0x5ddce0cc2140_0 .net *"_ivl_7", 0 0, L_0x5ddce0cce3e0;  1 drivers
L_0x7f23ea5570a8 .functor BUFT 1, C4<001>, C4<0>, C4<0>, C4<0>;
v0x5ddce0cc2200_0 .net/2u *"_ivl_8", 2 0, L_0x7f23ea5570a8;  1 drivers
v0x5ddce0cc22e0_0 .net "alu_control", 3 0, v0x5ddce0c76200_0;  alias, 1 drivers
v0x5ddce0cc23a0_0 .net "alusrc", 0 0, L_0x5ddce0ccd9d0;  alias, 1 drivers
v0x5ddce0cc2470_0 .net "branch_taken", 0 0, L_0x5ddce0ccf740;  1 drivers
v0x5ddce0cc2510_0 .net "funct3", 2 0, L_0x5ddce0ccfb20;  1 drivers
v0x5ddce0cc27c0_0 .net "funct7b5", 0 0, L_0x5ddce0ccfbc0;  1 drivers
v0x5ddce0cc2860_0 .net "immsrc", 2 0, L_0x5ddce0ccd930;  alias, 1 drivers
v0x5ddce0cc2930_0 .net "memwrite", 0 0, L_0x5ddce0ccda70;  alias, 1 drivers
v0x5ddce0cc2a00_0 .net "op", 6 0, L_0x5ddce0ccfa30;  1 drivers
v0x5ddce0cc2ad0_0 .net "pcsrc", 0 0, L_0x5ddce0ccf930;  alias, 1 drivers
v0x5ddce0cc2b70_0 .net "regwrite", 0 0, L_0x5ddce0ccd890;  alias, 1 drivers
v0x5ddce0cc2c40_0 .net "resultsrc", 1 0, L_0x5ddce0ccdba0;  alias, 1 drivers
v0x5ddce0cc2d10_0 .net "slt", 0 0, L_0x5ddce0ce1ed0;  alias, 1 drivers
v0x5ddce0cc2db0_0 .net "sltu", 0 0, L_0x5ddce0ce2010;  alias, 1 drivers
v0x5ddce0cc2e50_0 .net "zero", 0 0, v0x5ddce0cc4890_0;  alias, 1 drivers
L_0x5ddce0cce200 .part L_0x5ddce0ccfa30, 5, 1;
L_0x5ddce0cce340 .cmp/eq 3, L_0x5ddce0ccfb20, L_0x7f23ea557060;
L_0x5ddce0cce530 .cmp/eq 3, L_0x5ddce0ccfb20, L_0x7f23ea5570a8;
L_0x5ddce0cce5d0 .reduce/nor v0x5ddce0cc4890_0;
L_0x5ddce0cce890 .cmp/eq 3, L_0x5ddce0ccfb20, L_0x7f23ea5570f0;
L_0x5ddce0ccebe0 .cmp/eq 3, L_0x5ddce0ccfb20, L_0x7f23ea557138;
L_0x5ddce0cced10 .reduce/nor L_0x5ddce0ce1ed0;
L_0x5ddce0ccf010 .cmp/eq 3, L_0x5ddce0ccfb20, L_0x7f23ea557180;
L_0x5ddce0ccf430 .cmp/eq 3, L_0x5ddce0ccfb20, L_0x7f23ea5571c8;
L_0x5ddce0ccf520 .reduce/nor L_0x5ddce0ce2010;
S_0x5ddce0c95e40 .scope module, "alu_decoder1" "alu_decoder" 4 28, 5 1 0, S_0x5ddce0c9b510;
 .timescale 0 0;
    .port_info 0 /INPUT 1 "opb5";
    .port_info 1 /INPUT 1 "funct7b5";
    .port_info 2 /INPUT 3 "funct3";
    .port_info 3 /INPUT 2 "alu_op";
    .port_info 4 /OUTPUT 4 "alu_control";
L_0x5ddce0cce030 .functor AND 1, L_0x5ddce0ccfbc0, L_0x5ddce0cce200, C4<1>, C4<1>;
L_0x5ddce0cce140 .functor AND 1, L_0x5ddce0cce030, L_0x5ddce0cce0a0, C4<1>, C4<1>;
v0x5ddce0c90900_0 .net *"_ivl_0", 0 0, L_0x5ddce0cce030;  1 drivers
L_0x7f23ea557018 .functor BUFT 1, C4<000>, C4<0>, C4<0>, C4<0>;
v0x5ddce0c54740_0 .net/2u *"_ivl_2", 2 0, L_0x7f23ea557018;  1 drivers
v0x5ddce0c6a380_0 .net *"_ivl_4", 0 0, L_0x5ddce0cce0a0;  1 drivers
v0x5ddce0c76200_0 .var "alu_control", 3 0;
v0x5ddce0c7bc80_0 .net "alu_op", 1 0, L_0x5ddce0ccdd20;  alias, 1 drivers
v0x5ddce0cbf9d0_0 .net "funct3", 2 0, L_0x5ddce0ccfb20;  alias, 1 drivers
v0x5ddce0cbfab0_0 .net "funct7b5", 0 0, L_0x5ddce0ccfbc0;  alias, 1 drivers
v0x5ddce0cbfb70_0 .net "opb5", 0 0, L_0x5ddce0cce200;  1 drivers
v0x5ddce0cbfc30_0 .net "rsubtype", 0 0, L_0x5ddce0cce140;  1 drivers
E_0x5ddce0c48560 .event anyedge, v0x5ddce0c7bc80_0, v0x5ddce0cbf9d0_0, v0x5ddce0cbfc30_0, v0x5ddce0cbfab0_0;
L_0x5ddce0cce0a0 .cmp/eq 3, L_0x5ddce0ccfb20, L_0x7f23ea557018;
S_0x5ddce0cbfd90 .scope module, "main_decoder1" "main_decoder" 4 15, 6 1 0, S_0x5ddce0c9b510;
 .timescale 0 0;
    .port_info 0 /INPUT 7 "op";
    .port_info 1 /INPUT 3 "funct3";
    .port_info 2 /OUTPUT 2 "resultsrc";
    .port_info 3 /OUTPUT 3 "immsrc";
    .port_info 4 /OUTPUT 2 "alu_op";
    .port_info 5 /OUTPUT 1 "memwrite";
    .port_info 6 /OUTPUT 1 "alusrc";
    .port_info 7 /OUTPUT 1 "regwrite";
    .port_info 8 /OUTPUT 1 "jump";
    .port_info 9 /OUTPUT 1 "branch";
v0x5ddce0cc0060_0 .net *"_ivl_10", 11 0, v0x5ddce0cc0360_0;  1 drivers
v0x5ddce0cc0160_0 .net "alu_op", 1 0, L_0x5ddce0ccdd20;  alias, 1 drivers
v0x5ddce0cc0220_0 .net "alusrc", 0 0, L_0x5ddce0ccd9d0;  alias, 1 drivers
v0x5ddce0cc02c0_0 .net "branch", 0 0, L_0x5ddce0ccdc40;  alias, 1 drivers
v0x5ddce0cc0360_0 .var "control_signals", 11 0;
v0x5ddce0cc0490_0 .net "funct3", 2 0, L_0x5ddce0ccfb20;  alias, 1 drivers
v0x5ddce0cc0550_0 .net "immsrc", 2 0, L_0x5ddce0ccd930;  alias, 1 drivers
v0x5ddce0cc0610_0 .net "jump", 0 0, L_0x5ddce0ccddc0;  alias, 1 drivers
v0x5ddce0cc06d0_0 .net "memwrite", 0 0, L_0x5ddce0ccda70;  alias, 1 drivers
v0x5ddce0cc0790_0 .net "op", 6 0, L_0x5ddce0ccfa30;  alias, 1 drivers
v0x5ddce0cc0870_0 .net "regwrite", 0 0, L_0x5ddce0ccd890;  alias, 1 drivers
v0x5ddce0cc0930_0 .net "resultsrc", 1 0, L_0x5ddce0ccdba0;  alias, 1 drivers
E_0x5ddce0c483c0 .event anyedge, v0x5ddce0cc0790_0, v0x5ddce0cbf9d0_0;
L_0x5ddce0ccd890 .part v0x5ddce0cc0360_0, 11, 1;
L_0x5ddce0ccd930 .part v0x5ddce0cc0360_0, 8, 3;
L_0x5ddce0ccd9d0 .part v0x5ddce0cc0360_0, 7, 1;
L_0x5ddce0ccda70 .part v0x5ddce0cc0360_0, 6, 1;
L_0x5ddce0ccdba0 .part v0x5ddce0cc0360_0, 4, 2;
L_0x5ddce0ccdc40 .part v0x5ddce0cc0360_0, 3, 1;
L_0x5ddce0ccdd20 .part v0x5ddce0cc0360_0, 1, 2;
L_0x5ddce0ccddc0 .part v0x5ddce0cc0360_0, 0, 1;
S_0x5ddce0cc3120 .scope module, "dp" "data_path" 3 30, 7 1 0, S_0x5ddce0c9d850;
 .timescale 0 0;
    .port_info 0 /INPUT 1 "pcsrc";
    .port_info 1 /INPUT 1 "memwrite";
    .port_info 2 /INPUT 1 "alusrc";
    .port_info 3 /INPUT 1 "regwrite";
    .port_info 4 /INPUT 4 "alu_control";
    .port_info 5 /INPUT 3 "immsrc";
    .port_info 6 /INPUT 2 "resultsrc";
    .port_info 7 /INPUT 1 "clk";
    .port_info 8 /INPUT 1 "reset";
    .port_info 9 /OUTPUT 1 "zero";
    .port_info 10 /OUTPUT 1 "slt";
    .port_info 11 /OUTPUT 1 "sltu";
    .port_info 12 /OUTPUT 32 "instr";
    .port_info 13 /OUTPUT 32 "reg2";
L_0x5ddce0ccfcf0 .functor BUFZ 32, L_0x5ddce0cd00c0, C4<00000000000000000000000000000000>, C4<00000000000000000000000000000000>, C4<00000000000000000000000000000000>;
v0x5ddce0ccaf60_0 .net "Alu_result", 31 0, v0x5ddce0cc4330_0;  1 drivers
v0x5ddce0ccb040_0 .net "Immext", 31 0, v0x5ddce0cc5fd0_0;  1 drivers
v0x5ddce0ccb100_0 .net "Instr", 31 0, L_0x5ddce0cd00c0;  1 drivers
v0x5ddce0ccb1f0_0 .net "Pc", 31 0, v0x5ddce0cc7070_0;  1 drivers
v0x5ddce0ccb2b0_0 .net "Pc_plus_4", 31 0, L_0x5ddce0ce0260;  1 drivers
v0x5ddce0ccb370_0 .net "Pc_target", 31 0, L_0x5ddce0ce2340;  1 drivers
v0x5ddce0ccb480_0 .net "Pcnext", 31 0, L_0x5ddce0ccfd60;  1 drivers
v0x5ddce0ccb590_0 .net "Readdata", 31 0, L_0x5ddce0ce23e0;  1 drivers
v0x5ddce0ccb6a0_0 .net "Result", 31 0, L_0x5ddce0ce26d0;  1 drivers
v0x5ddce0ccb7f0_0 .net "Srca", 31 0, L_0x5ddce0ce07d0;  1 drivers
v0x5ddce0ccb900_0 .net "Srcb", 31 0, L_0x5ddce0ce1290;  1 drivers
v0x5ddce0ccba10_0 .net "Writedata", 31 0, L_0x5ddce0ce0f60;  1 drivers
v0x5ddce0ccbad0_0 .net "alu_control", 3 0, v0x5ddce0c76200_0;  alias, 1 drivers
v0x5ddce0ccbb90_0 .net "alusrc", 0 0, L_0x5ddce0ccd9d0;  alias, 1 drivers
v0x5ddce0ccbc30_0 .net "clk", 0 0, v0x5ddce0ccd730_0;  alias, 1 drivers
v0x5ddce0ccbcd0_0 .net "immsrc", 2 0, L_0x5ddce0ccd930;  alias, 1 drivers
v0x5ddce0ccbd90_0 .net "instr", 31 0, L_0x5ddce0ccfcf0;  alias, 1 drivers
v0x5ddce0ccbf80_0 .net "memwrite", 0 0, L_0x5ddce0ccda70;  alias, 1 drivers
v0x5ddce0ccc020_0 .net "pcsrc", 0 0, L_0x5ddce0ccf930;  alias, 1 drivers
v0x5ddce0ccc110_0 .net "reg2", 31 0, v0x5ddce0cc9da0_2;  alias, 1 drivers
v0x5ddce0ccc1d0_0 .net "regwrite", 0 0, L_0x5ddce0ccd890;  alias, 1 drivers
v0x5ddce0ccc270_0 .net "reset", 0 0, v0x5ddce0ccd7d0_0;  alias, 1 drivers
v0x5ddce0ccc310_0 .net "resultsrc", 1 0, L_0x5ddce0ccdba0;  alias, 1 drivers
v0x5ddce0ccc3b0_0 .net "slt", 0 0, L_0x5ddce0ce1ed0;  alias, 1 drivers
v0x5ddce0ccc4a0_0 .net "sltu", 0 0, L_0x5ddce0ce2010;  alias, 1 drivers
v0x5ddce0ccc590_0 .net "zero", 0 0, v0x5ddce0cc4890_0;  alias, 1 drivers
L_0x5ddce0ce10b0 .part L_0x5ddce0cd00c0, 15, 5;
L_0x5ddce0ce1150 .part L_0x5ddce0cd00c0, 20, 5;
L_0x5ddce0ce11f0 .part L_0x5ddce0cd00c0, 7, 5;
S_0x5ddce0cc3500 .scope module, "alu1" "alu2" 7 69, 8 1 0, S_0x5ddce0cc3120;
 .timescale 0 0;
    .port_info 0 /INPUT 32 "a";
    .port_info 1 /INPUT 32 "b";
    .port_info 2 /INPUT 4 "alu_control";
    .port_info 3 /OUTPUT 1 "zero";
    .port_info 4 /OUTPUT 1 "slt";
    .port_info 5 /OUTPUT 1 "sltu";
    .port_info 6 /OUTPUT 32 "alu_result";
L_0x5ddce0ce1460 .functor NOT 32, L_0x5ddce0ce1290, C4<00000000000000000000000000000000>, C4<00000000000000000000000000000000>, C4<00000000000000000000000000000000>;
L_0x5ddce0ce16a0 .functor XNOR 1, L_0x5ddce0ce1b00, L_0x5ddce0ce1ba0, C4<0>, C4<0>;
v0x5ddce0cc37b0_0 .net *"_ivl_1", 0 0, L_0x5ddce0ce13c0;  1 drivers
v0x5ddce0cc38b0_0 .net *"_ivl_10", 31 0, L_0x5ddce0ce1840;  1 drivers
L_0x7f23ea5574e0 .functor BUFT 1, C4<0000000000000000000000000000000>, C4<0>, C4<0>, C4<0>;
v0x5ddce0cc3990_0 .net *"_ivl_13", 30 0, L_0x7f23ea5574e0;  1 drivers
v0x5ddce0cc3a80_0 .net *"_ivl_17", 0 0, L_0x5ddce0ce1b00;  1 drivers
v0x5ddce0cc3b60_0 .net *"_ivl_19", 0 0, L_0x5ddce0ce1ba0;  1 drivers
v0x5ddce0cc3c90_0 .net *"_ivl_2", 31 0, L_0x5ddce0ce1460;  1 drivers
v0x5ddce0cc3d70_0 .net *"_ivl_20", 0 0, L_0x5ddce0ce16a0;  1 drivers
v0x5ddce0cc3e30_0 .net *"_ivl_22", 0 0, L_0x5ddce0ce1d30;  1 drivers
v0x5ddce0cc3ef0_0 .net *"_ivl_25", 0 0, L_0x5ddce0ce1dd0;  1 drivers
v0x5ddce0cc3fd0_0 .net *"_ivl_6", 31 0, L_0x5ddce0ce1600;  1 drivers
v0x5ddce0cc40b0_0 .net *"_ivl_9", 0 0, L_0x5ddce0ce17a0;  1 drivers
v0x5ddce0cc4190_0 .net/s "a", 31 0, L_0x5ddce0ce07d0;  alias, 1 drivers
v0x5ddce0cc4270_0 .net "alu_control", 3 0, v0x5ddce0c76200_0;  alias, 1 drivers
v0x5ddce0cc4330_0 .var "alu_result", 31 0;
v0x5ddce0cc4410_0 .net/s "b", 31 0, L_0x5ddce0ce1290;  alias, 1 drivers
v0x5ddce0cc44f0_0 .var "resultreg", 31 0;
v0x5ddce0cc45d0_0 .net "slt", 0 0, L_0x5ddce0ce1ed0;  alias, 1 drivers
v0x5ddce0cc4670_0 .net "sltu", 0 0, L_0x5ddce0ce2010;  alias, 1 drivers
v0x5ddce0cc4710_0 .net "sum", 31 0, L_0x5ddce0ce1980;  1 drivers
v0x5ddce0cc47b0_0 .net "temp", 31 0, L_0x5ddce0ce1560;  1 drivers
v0x5ddce0cc4890_0 .var "zero", 0 0;
E_0x5ddce0c47d50/0 .event anyedge, v0x5ddce0c76200_0, v0x5ddce0cc4710_0, v0x5ddce0cc4190_0, v0x5ddce0cc4410_0;
E_0x5ddce0c47d50/1 .event anyedge, v0x5ddce0cc2d10_0, v0x5ddce0cc2db0_0, v0x5ddce0cc44f0_0;
E_0x5ddce0c47d50 .event/or E_0x5ddce0c47d50/0, E_0x5ddce0c47d50/1;
L_0x5ddce0ce13c0 .part v0x5ddce0c76200_0, 0, 1;
L_0x5ddce0ce1560 .functor MUXZ 32, L_0x5ddce0ce1290, L_0x5ddce0ce1460, L_0x5ddce0ce13c0, C4<>;
L_0x5ddce0ce1600 .arith/sum 32, L_0x5ddce0ce07d0, L_0x5ddce0ce1560;
L_0x5ddce0ce17a0 .part v0x5ddce0c76200_0, 0, 1;
L_0x5ddce0ce1840 .concat [ 1 31 0 0], L_0x5ddce0ce17a0, L_0x7f23ea5574e0;
L_0x5ddce0ce1980 .arith/sum 32, L_0x5ddce0ce1600, L_0x5ddce0ce1840;
L_0x5ddce0ce1b00 .part L_0x5ddce0ce07d0, 31, 1;
L_0x5ddce0ce1ba0 .part L_0x5ddce0ce1290, 31, 1;
L_0x5ddce0ce1d30 .cmp/gt.s 32, L_0x5ddce0ce1290, L_0x5ddce0ce07d0;
L_0x5ddce0ce1dd0 .part L_0x5ddce0ce07d0, 31, 1;
L_0x5ddce0ce1ed0 .functor MUXZ 1, L_0x5ddce0ce1dd0, L_0x5ddce0ce1d30, L_0x5ddce0ce16a0, C4<>;
L_0x5ddce0ce2010 .cmp/gt 32, L_0x5ddce0ce1290, L_0x5ddce0ce07d0;
S_0x5ddce0cc4a20 .scope module, "alu_mux1" "alu_mux2" 7 62, 9 1 0, S_0x5ddce0cc3120;
 .timescale 0 0;
    .port_info 0 /INPUT 32 "writedata";
    .port_info 1 /INPUT 32 "immext";
    .port_info 2 /INPUT 1 "alusrc";
    .port_info 3 /OUTPUT 32 "srcb";
v0x5ddce0cc4c50_0 .net "alusrc", 0 0, L_0x5ddce0ccd9d0;  alias, 1 drivers
v0x5ddce0cc4d40_0 .net "immext", 31 0, v0x5ddce0cc5fd0_0;  alias, 1 drivers
v0x5ddce0cc4e20_0 .net "srcb", 31 0, L_0x5ddce0ce1290;  alias, 1 drivers
v0x5ddce0cc4ef0_0 .net "writedata", 31 0, L_0x5ddce0ce0f60;  alias, 1 drivers
L_0x5ddce0ce1290 .functor MUXZ 32, L_0x5ddce0ce0f60, v0x5ddce0cc5fd0_0, L_0x5ddce0ccd9d0, C4<>;
S_0x5ddce0cc5060 .scope module, "data_memory1" "data_memory2" 7 85, 10 1 0, S_0x5ddce0cc3120;
 .timescale 0 0;
    .port_info 0 /INPUT 1 "clk";
    .port_info 1 /INPUT 1 "we";
    .port_info 2 /INPUT 32 "a";
    .port_info 3 /INPUT 32 "wd";
    .port_info 4 /OUTPUT 32 "rd";
L_0x5ddce0ce23e0 .functor BUFZ 32, L_0x5ddce0ce2450, C4<00000000000000000000000000000000>, C4<00000000000000000000000000000000>, C4<00000000000000000000000000000000>;
v0x5ddce0cc5310_0 .net *"_ivl_0", 31 0, L_0x5ddce0ce2450;  1 drivers
v0x5ddce0cc5410_0 .net *"_ivl_3", 6 0, L_0x5ddce0ce24f0;  1 drivers
v0x5ddce0cc54f0_0 .net *"_ivl_4", 8 0, L_0x5ddce0ce2590;  1 drivers
L_0x7f23ea557528 .functor BUFT 1, C4<00>, C4<0>, C4<0>, C4<0>;
v0x5ddce0cc55e0_0 .net *"_ivl_7", 1 0, L_0x7f23ea557528;  1 drivers
v0x5ddce0cc56c0_0 .net "a", 31 0, v0x5ddce0cc4330_0;  alias, 1 drivers
v0x5ddce0cc57d0_0 .net "clk", 0 0, v0x5ddce0ccd730_0;  alias, 1 drivers
v0x5ddce0cc5870 .array "data_memory", 0 127, 31 0;
v0x5ddce0cc5930_0 .var/i "i", 31 0;
v0x5ddce0cc5a10_0 .net "rd", 31 0, L_0x5ddce0ce23e0;  alias, 1 drivers
v0x5ddce0cc5af0_0 .net "wd", 31 0, L_0x5ddce0ce0f60;  alias, 1 drivers
v0x5ddce0cc5be0_0 .net "we", 0 0, L_0x5ddce0ccda70;  alias, 1 drivers
E_0x5ddce0c473e0 .event posedge, v0x5ddce0cc57d0_0;
L_0x5ddce0ce2450 .array/port v0x5ddce0cc5870, L_0x5ddce0ce2590;
L_0x5ddce0ce24f0 .part v0x5ddce0cc4330_0, 2, 7;
L_0x5ddce0ce2590 .concat [ 7 2 0 0], L_0x5ddce0ce24f0, L_0x7f23ea557528;
S_0x5ddce0cc5d00 .scope module, "extend1" "extend2" 7 44, 11 1 0, S_0x5ddce0cc3120;
 .timescale 0 0;
    .port_info 0 /INPUT 32 "instr";
    .port_info 1 /INPUT 3 "immsrc";
    .port_info 2 /OUTPUT 32 "immext";
v0x5ddce0cc5fd0_0 .var "immext", 31 0;
v0x5ddce0cc60b0_0 .net "immsrc", 2 0, L_0x5ddce0ccd930;  alias, 1 drivers
v0x5ddce0cc61a0_0 .net "instr", 31 0, L_0x5ddce0cd00c0;  alias, 1 drivers
E_0x5ddce0cc5f50 .event anyedge, v0x5ddce0cc0550_0, v0x5ddce0cc61a0_0;
S_0x5ddce0cc62e0 .scope module, "instruction_memory1" "instruction_memory2" 7 34, 12 1 0, S_0x5ddce0cc3120;
 .timescale 0 0;
    .port_info 0 /INPUT 32 "a";
    .port_info 1 /OUTPUT 32 "rd";
L_0x5ddce0cd00c0 .functor BUFZ 32, L_0x5ddce0ccfe90, C4<00000000000000000000000000000000>, C4<00000000000000000000000000000000>, C4<00000000000000000000000000000000>;
v0x5ddce0cc6550_0 .net *"_ivl_0", 31 0, L_0x5ddce0ccfe90;  1 drivers
v0x5ddce0cc6650_0 .net *"_ivl_3", 6 0, L_0x5ddce0ccff30;  1 drivers
v0x5ddce0cc6730_0 .net *"_ivl_4", 8 0, L_0x5ddce0ccffd0;  1 drivers
L_0x7f23ea557210 .functor BUFT 1, C4<00>, C4<0>, C4<0>, C4<0>;
v0x5ddce0cc67f0_0 .net *"_ivl_7", 1 0, L_0x7f23ea557210;  1 drivers
v0x5ddce0cc68d0_0 .net "a", 31 0, v0x5ddce0cc7070_0;  alias, 1 drivers
v0x5ddce0cc6a00_0 .var/i "i", 31 0;
v0x5ddce0cc6ae0 .array "instruction_memory", 0 127, 31 0;
v0x5ddce0cc6ba0_0 .net "rd", 31 0, L_0x5ddce0cd00c0;  alias, 1 drivers
L_0x5ddce0ccfe90 .array/port v0x5ddce0cc6ae0, L_0x5ddce0ccffd0;
L_0x5ddce0ccff30 .part v0x5ddce0cc7070_0, 2, 7;
L_0x5ddce0ccffd0 .concat [ 7 2 0 0], L_0x5ddce0ccff30, L_0x7f23ea557210;
S_0x5ddce0cc6ca0 .scope module, "pc1" "pc2" 7 27, 13 1 0, S_0x5ddce0cc3120;
 .timescale 0 0;
    .port_info 0 /INPUT 32 "pcnext";
    .port_info 1 /INPUT 1 "clk";
    .port_info 2 /INPUT 1 "reset";
    .port_info 3 /OUTPUT 32 "pc";
v0x5ddce0cc6f80_0 .net "clk", 0 0, v0x5ddce0ccd730_0;  alias, 1 drivers
v0x5ddce0cc7070_0 .var "pc", 31 0;
v0x5ddce0cc7140_0 .net "pcnext", 31 0, L_0x5ddce0ccfd60;  alias, 1 drivers
v0x5ddce0cc7210_0 .net "reset", 0 0, v0x5ddce0ccd7d0_0;  alias, 1 drivers
E_0x5ddce0cc6f20 .event posedge, v0x5ddce0cc7210_0, v0x5ddce0cc57d0_0;
S_0x5ddce0cc7380 .scope module, "pc_plus_41" "pc_plus_42" 7 39, 14 1 0, S_0x5ddce0cc3120;
 .timescale 0 0;
    .port_info 0 /INPUT 32 "pc";
    .port_info 1 /OUTPUT 32 "pc_plus_4";
L_0x7f23ea557258 .functor BUFT 1, C4<00000000000000000000000000000100>, C4<0>, C4<0>, C4<0>;
v0x5ddce0cc75c0_0 .net/2u *"_ivl_0", 31 0, L_0x7f23ea557258;  1 drivers
v0x5ddce0cc76c0_0 .net "pc", 31 0, v0x5ddce0cc7070_0;  alias, 1 drivers
v0x5ddce0cc77d0_0 .net "pc_plus_4", 31 0, L_0x5ddce0ce0260;  alias, 1 drivers
L_0x5ddce0ce0260 .arith/sum 32, v0x5ddce0cc7070_0, L_0x7f23ea557258;
S_0x5ddce0cc78f0 .scope module, "pc_target1" "pc_target2" 7 79, 15 1 0, S_0x5ddce0cc3120;
 .timescale 0 0;
    .port_info 0 /INPUT 32 "pc";
    .port_info 1 /INPUT 32 "immext";
    .port_info 2 /OUTPUT 32 "pc_target";
v0x5ddce0cc7b20_0 .net "immext", 31 0, v0x5ddce0cc5fd0_0;  alias, 1 drivers
v0x5ddce0cc7c50_0 .net "pc", 31 0, v0x5ddce0cc7070_0;  alias, 1 drivers
v0x5ddce0cc7d10_0 .net "pc_target", 31 0, L_0x5ddce0ce2340;  alias, 1 drivers
L_0x5ddce0ce2340 .arith/sum 32, v0x5ddce0cc7070_0, v0x5ddce0cc5fd0_0;
S_0x5ddce0cc7e50 .scope module, "pcmux1" "pcmux2" 7 20, 16 1 0, S_0x5ddce0cc3120;
 .timescale 0 0;
    .port_info 0 /INPUT 32 "pc_plus_4";
    .port_info 1 /INPUT 32 "pc_target";
    .port_info 2 /INPUT 1 "pcsrc";
    .port_info 3 /OUTPUT 32 "pcnext";
v0x5ddce0cc8130_0 .net "pc_plus_4", 31 0, L_0x5ddce0ce0260;  alias, 1 drivers
v0x5ddce0cc8220_0 .net "pc_target", 31 0, L_0x5ddce0ce2340;  alias, 1 drivers
v0x5ddce0cc82f0_0 .net "pcnext", 31 0, L_0x5ddce0ccfd60;  alias, 1 drivers
v0x5ddce0cc83f0_0 .net "pcsrc", 0 0, L_0x5ddce0ccf930;  alias, 1 drivers
L_0x5ddce0ccfd60 .functor MUXZ 32, L_0x5ddce0ce0260, L_0x5ddce0ce2340, L_0x5ddce0ccf930, C4<>;
S_0x5ddce0cc8510 .scope module, "reg_file1" "reg_file2" 7 50, 17 1 0, S_0x5ddce0cc3120;
 .timescale 0 0;
    .port_info 0 /INPUT 5 "a1";
    .port_info 1 /INPUT 5 "a2";
    .port_info 2 /INPUT 5 "a3";
    .port_info 3 /INPUT 32 "wd3";
    .port_info 4 /INPUT 1 "clk";
    .port_info 5 /INPUT 1 "we3";
    .port_info 6 /OUTPUT 32 "rd1";
    .port_info 7 /OUTPUT 32 "rd2";
    .port_info 8 /OUTPUT 32 "reg2";
v0x5ddce0cc8850_0 .net *"_ivl_11", 31 0, L_0x5ddce0ce05a0;  1 drivers
v0x5ddce0cc8950_0 .net *"_ivl_13", 6 0, L_0x5ddce0ce0640;  1 drivers
L_0x7f23ea557330 .functor BUFT 1, C4<00>, C4<0>, C4<0>, C4<0>;
v0x5ddce0cc8a30_0 .net *"_ivl_16", 1 0, L_0x7f23ea557330;  1 drivers
L_0x7f23ea557378 .functor BUFT 1, C4<00000000000000000000000000000000>, C4<0>, C4<0>, C4<0>;
v0x5ddce0cc8af0_0 .net/2u *"_ivl_17", 31 0, L_0x7f23ea557378;  1 drivers
v0x5ddce0cc8bd0_0 .net *"_ivl_21", 31 0, L_0x5ddce0ce0960;  1 drivers
L_0x7f23ea5573c0 .functor BUFT 1, C4<000000000000000000000000000>, C4<0>, C4<0>, C4<0>;
v0x5ddce0cc8d00_0 .net *"_ivl_24", 26 0, L_0x7f23ea5573c0;  1 drivers
L_0x7f23ea557408 .functor BUFT 1, C4<00000000000000000000000000000000>, C4<0>, C4<0>, C4<0>;
v0x5ddce0cc8de0_0 .net/2u *"_ivl_25", 31 0, L_0x7f23ea557408;  1 drivers
v0x5ddce0cc8ec0_0 .net *"_ivl_27", 0 0, L_0x5ddce0ce0a90;  1 drivers
v0x5ddce0cc8f80_0 .net *"_ivl_29", 31 0, L_0x5ddce0ce0bd0;  1 drivers
v0x5ddce0cc90f0_0 .net *"_ivl_3", 31 0, L_0x5ddce0ce0370;  1 drivers
v0x5ddce0cc91d0_0 .net *"_ivl_31", 6 0, L_0x5ddce0ce0cc0;  1 drivers
L_0x7f23ea557450 .functor BUFT 1, C4<00>, C4<0>, C4<0>, C4<0>;
v0x5ddce0cc92b0_0 .net *"_ivl_34", 1 0, L_0x7f23ea557450;  1 drivers
L_0x7f23ea557498 .functor BUFT 1, C4<00000000000000000000000000000000>, C4<0>, C4<0>, C4<0>;
v0x5ddce0cc9390_0 .net/2u *"_ivl_35", 31 0, L_0x7f23ea557498;  1 drivers
L_0x7f23ea5572a0 .functor BUFT 1, C4<000000000000000000000000000>, C4<0>, C4<0>, C4<0>;
v0x5ddce0cc9470_0 .net *"_ivl_6", 26 0, L_0x7f23ea5572a0;  1 drivers
L_0x7f23ea5572e8 .functor BUFT 1, C4<00000000000000000000000000000000>, C4<0>, C4<0>, C4<0>;
v0x5ddce0cc9550_0 .net/2u *"_ivl_7", 31 0, L_0x7f23ea5572e8;  1 drivers
v0x5ddce0cc9630_0 .net *"_ivl_9", 0 0, L_0x5ddce0ce0460;  1 drivers
v0x5ddce0cc96f0_0 .net "a1", 4 0, L_0x5ddce0ce10b0;  1 drivers
v0x5ddce0cc97d0_0 .net "a2", 4 0, L_0x5ddce0ce1150;  1 drivers
v0x5ddce0cc98b0_0 .net "a3", 4 0, L_0x5ddce0ce11f0;  1 drivers
v0x5ddce0cc9990_0 .net "clk", 0 0, v0x5ddce0ccd730_0;  alias, 1 drivers
v0x5ddce0cc9a30_0 .var/i "i", 31 0;
v0x5ddce0cc9b10_0 .net "rd1", 31 0, L_0x5ddce0ce07d0;  alias, 1 drivers
v0x5ddce0cc9bd0_0 .net "rd2", 31 0, L_0x5ddce0ce0f60;  alias, 1 drivers
v0x5ddce0cc9cc0_0 .net "reg2", 31 0, v0x5ddce0cc9da0_2;  alias, 1 drivers
v0x5ddce0cc9da0 .array "register_memory", 0 31, 31 0;
v0x5ddce0cca370_0 .net "wd3", 31 0, L_0x5ddce0ce26d0;  alias, 1 drivers
v0x5ddce0cca450_0 .net "we3", 0 0, L_0x5ddce0ccd890;  alias, 1 drivers
E_0x5ddce0cc87d0 .event negedge, v0x5ddce0cc57d0_0;
L_0x5ddce0ce0370 .concat [ 5 27 0 0], L_0x5ddce0ce10b0, L_0x7f23ea5572a0;
L_0x5ddce0ce0460 .cmp/ne 32, L_0x5ddce0ce0370, L_0x7f23ea5572e8;
L_0x5ddce0ce05a0 .array/port v0x5ddce0cc9da0, L_0x5ddce0ce0640;
L_0x5ddce0ce0640 .concat [ 5 2 0 0], L_0x5ddce0ce10b0, L_0x7f23ea557330;
L_0x5ddce0ce07d0 .functor MUXZ 32, L_0x7f23ea557378, L_0x5ddce0ce05a0, L_0x5ddce0ce0460, C4<>;
L_0x5ddce0ce0960 .concat [ 5 27 0 0], L_0x5ddce0ce1150, L_0x7f23ea5573c0;
L_0x5ddce0ce0a90 .cmp/ne 32, L_0x5ddce0ce0960, L_0x7f23ea557408;
L_0x5ddce0ce0bd0 .array/port v0x5ddce0cc9da0, L_0x5ddce0ce0cc0;
L_0x5ddce0ce0cc0 .concat [ 5 2 0 0], L_0x5ddce0ce1150, L_0x7f23ea557450;
L_0x5ddce0ce0f60 .functor MUXZ 32, L_0x7f23ea557498, L_0x5ddce0ce0bd0, L_0x5ddce0ce0a90, C4<>;
S_0x5ddce0cca6b0 .scope module, "result_mux1" "result_mux2" 7 93, 18 1 0, S_0x5ddce0cc3120;
 .timescale 0 0;
    .port_info 0 /INPUT 32 "alu_result";
    .port_info 1 /INPUT 32 "readdata";
    .port_info 2 /INPUT 32 "pc_plus_4";
    .port_info 3 /OUTPUT 32 "result";
    .port_info 4 /INPUT 2 "resultsrc";
L_0x5ddce0ce26d0 .functor BUFZ 32, v0x5ddce0ccaca0_0, C4<00000000000000000000000000000000>, C4<00000000000000000000000000000000>, C4<00000000000000000000000000000000>;
v0x5ddce0cca920_0 .net "alu_result", 31 0, v0x5ddce0cc4330_0;  alias, 1 drivers
v0x5ddce0ccaa50_0 .net "pc_plus_4", 31 0, L_0x5ddce0ce0260;  alias, 1 drivers
v0x5ddce0ccab60_0 .net "readdata", 31 0, L_0x5ddce0ce23e0;  alias, 1 drivers
v0x5ddce0ccac00_0 .net "result", 31 0, L_0x5ddce0ce26d0;  alias, 1 drivers
v0x5ddce0ccaca0_0 .var "result1", 31 0;
v0x5ddce0ccadb0_0 .net "resultsrc", 1 0, L_0x5ddce0ccdba0;  alias, 1 drivers
E_0x5ddce0cca8c0 .event anyedge, v0x5ddce0cc0930_0, v0x5ddce0cc4330_0, v0x5ddce0cc5a10_0, v0x5ddce0cc77d0_0;
    .scope S_0x5ddce0cbfd90;
T_0 ;
    %wait E_0x5ddce0c483c0;
    %pushi/vec4 0, 0, 12;
    %store/vec4 v0x5ddce0cc0360_0, 0, 12;
    %load/vec4 v0x5ddce0cc0790_0;
    %dup/vec4;
    %pushi/vec4 3, 0, 7;
    %cmp/u;
    %jmp/1 T_0.0, 6;
    %dup/vec4;
    %pushi/vec4 35, 0, 7;
    %cmp/u;
    %jmp/1 T_0.1, 6;
    %dup/vec4;
    %pushi/vec4 51, 0, 7;
    %cmp/u;
    %jmp/1 T_0.2, 6;
    %dup/vec4;
    %pushi/vec4 19, 0, 7;
    %cmp/u;
    %jmp/1 T_0.3, 6;
    %dup/vec4;
    %pushi/vec4 99, 0, 7;
    %cmp/u;
    %jmp/1 T_0.4, 6;
    %dup/vec4;
    %pushi/vec4 111, 0, 7;
    %cmp/u;
    %jmp/1 T_0.5, 6;
    %dup/vec4;
    %pushi/vec4 103, 0, 7;
    %cmp/u;
    %jmp/1 T_0.6, 6;
    %dup/vec4;
    %pushi/vec4 55, 0, 7;
    %cmp/u;
    %jmp/1 T_0.7, 6;
    %dup/vec4;
    %pushi/vec4 23, 0, 7;
    %cmp/u;
    %jmp/1 T_0.8, 6;
    %pushi/vec4 0, 0, 12;
    %store/vec4 v0x5ddce0cc0360_0, 0, 12;
    %jmp T_0.10;
T_0.0 ;
    %pushi/vec4 2192, 0, 12;
    %store/vec4 v0x5ddce0cc0360_0, 0, 12;
    %jmp T_0.10;
T_0.1 ;
    %pushi/vec4 448, 0, 12;
    %store/vec4 v0x5ddce0cc0360_0, 0, 12;
    %jmp T_0.10;
T_0.2 ;
    %pushi/vec4 2052, 0, 12;
    %store/vec4 v0x5ddce0cc0360_0, 0, 12;
    %jmp T_0.10;
T_0.3 ;
    %load/vec4 v0x5ddce0cc0490_0;
    %dup/vec4;
    %pushi/vec4 0, 0, 3;
    %cmp/u;
    %jmp/1 T_0.11, 6;
    %dup/vec4;
    %pushi/vec4 2, 0, 3;
    %cmp/u;
    %jmp/1 T_0.12, 6;
    %dup/vec4;
    %pushi/vec4 3, 0, 3;
    %cmp/u;
    %jmp/1 T_0.13, 6;
    %dup/vec4;
    %pushi/vec4 4, 0, 3;
    %cmp/u;
    %jmp/1 T_0.14, 6;
    %dup/vec4;
    %pushi/vec4 6, 0, 3;
    %cmp/u;
    %jmp/1 T_0.15, 6;
    %dup/vec4;
    %pushi/vec4 7, 0, 3;
    %cmp/u;
    %jmp/1 T_0.16, 6;
    %dup/vec4;
    %pushi/vec4 1, 0, 3;
    %cmp/u;
    %jmp/1 T_0.17, 6;
    %dup/vec4;
    %pushi/vec4 5, 0, 3;
    %cmp/u;
    %jmp/1 T_0.18, 6;
    %pushi/vec4 0, 0, 12;
    %store/vec4 v0x5ddce0cc0360_0, 0, 12;
    %jmp T_0.20;
T_0.11 ;
    %pushi/vec4 2176, 0, 12;
    %store/vec4 v0x5ddce0cc0360_0, 0, 12;
    %jmp T_0.20;
T_0.12 ;
    %pushi/vec4 2180, 0, 12;
    %store/vec4 v0x5ddce0cc0360_0, 0, 12;
    %jmp T_0.20;
T_0.13 ;
    %pushi/vec4 2180, 0, 12;
    %store/vec4 v0x5ddce0cc0360_0, 0, 12;
    %jmp T_0.20;
T_0.14 ;
    %pushi/vec4 2180, 0, 12;
    %store/vec4 v0x5ddce0cc0360_0, 0, 12;
    %jmp T_0.20;
T_0.15 ;
    %pushi/vec4 2180, 0, 12;
    %store/vec4 v0x5ddce0cc0360_0, 0, 12;
    %jmp T_0.20;
T_0.16 ;
    %pushi/vec4 2180, 0, 12;
    %store/vec4 v0x5ddce0cc0360_0, 0, 12;
    %jmp T_0.20;
T_0.17 ;
    %pushi/vec4 2180, 0, 12;
    %store/vec4 v0x5ddce0cc0360_0, 0, 12;
    %jmp T_0.20;
T_0.18 ;
    %pushi/vec4 2180, 0, 12;
    %store/vec4 v0x5ddce0cc0360_0, 0, 12;
    %jmp T_0.20;
T_0.20 ;
    %pop/vec4 1;
    %jmp T_0.10;
T_0.4 ;
    %pushi/vec4 522, 0, 12;
    %store/vec4 v0x5ddce0cc0360_0, 0, 12;
    %jmp T_0.10;
T_0.5 ;
    %pushi/vec4 2849, 0, 12;
    %store/vec4 v0x5ddce0cc0360_0, 0, 12;
    %jmp T_0.10;
T_0.6 ;
    %pushi/vec4 2209, 0, 12;
    %store/vec4 v0x5ddce0cc0360_0, 0, 12;
    %jmp T_0.10;
T_0.7 ;
    %pushi/vec4 3200, 0, 12;
    %store/vec4 v0x5ddce0cc0360_0, 0, 12;
    %jmp T_0.10;
T_0.8 ;
    %pushi/vec4 3200, 0, 12;
    %store/vec4 v0x5ddce0cc0360_0, 0, 12;
    %jmp T_0.10;
T_0.10 ;
    %pop/vec4 1;
    %jmp T_0;
    .thread T_0, $push;
    .scope S_0x5ddce0c95e40;
T_1 ;
    %wait E_0x5ddce0c48560;
    %load/vec4 v0x5ddce0c7bc80_0;
    %dup/vec4;
    %pushi/vec4 0, 0, 2;
    %cmp/u;
    %jmp/1 T_1.0, 6;
    %dup/vec4;
    %pushi/vec4 1, 0, 2;
    %cmp/u;
    %jmp/1 T_1.1, 6;
    %dup/vec4;
    %pushi/vec4 2, 0, 2;
    %cmp/u;
    %jmp/1 T_1.2, 6;
    %pushi/vec4 0, 0, 4;
    %store/vec4 v0x5ddce0c76200_0, 0, 4;
    %jmp T_1.4;
T_1.0 ;
    %pushi/vec4 0, 0, 4;
    %store/vec4 v0x5ddce0c76200_0, 0, 4;
    %jmp T_1.4;
T_1.1 ;
    %pushi/vec4 1, 0, 4;
    %store/vec4 v0x5ddce0c76200_0, 0, 4;
    %jmp T_1.4;
T_1.2 ;
    %load/vec4 v0x5ddce0cbf9d0_0;
    %dup/vec4;
    %pushi/vec4 0, 0, 3;
    %cmp/u;
    %jmp/1 T_1.5, 6;
    %dup/vec4;
    %pushi/vec4 1, 0, 3;
    %cmp/u;
    %jmp/1 T_1.6, 6;
    %dup/vec4;
    %pushi/vec4 2, 0, 3;
    %cmp/u;
    %jmp/1 T_1.7, 6;
    %dup/vec4;
    %pushi/vec4 3, 0, 3;
    %cmp/u;
    %jmp/1 T_1.8, 6;
    %dup/vec4;
    %pushi/vec4 4, 0, 3;
    %cmp/u;
    %jmp/1 T_1.9, 6;
    %dup/vec4;
    %pushi/vec4 5, 0, 3;
    %cmp/u;
    %jmp/1 T_1.10, 6;
    %dup/vec4;
    %pushi/vec4 6, 0, 3;
    %cmp/u;
    %jmp/1 T_1.11, 6;
    %dup/vec4;
    %pushi/vec4 7, 0, 3;
    %cmp/u;
    %jmp/1 T_1.12, 6;
    %pushi/vec4 0, 0, 4;
    %store/vec4 v0x5ddce0c76200_0, 0, 4;
    %jmp T_1.14;
T_1.5 ;
    %load/vec4 v0x5ddce0cbfc30_0;
    %flag_set/vec4 8;
    %jmp/0xz  T_1.15, 8;
    %pushi/vec4 1, 0, 4;
    %store/vec4 v0x5ddce0c76200_0, 0, 4;
    %jmp T_1.16;
T_1.15 ;
    %pushi/vec4 0, 0, 4;
    %store/vec4 v0x5ddce0c76200_0, 0, 4;
T_1.16 ;
    %jmp T_1.14;
T_1.6 ;
    %pushi/vec4 10, 0, 4;
    %store/vec4 v0x5ddce0c76200_0, 0, 4;
    %jmp T_1.14;
T_1.7 ;
    %pushi/vec4 5, 0, 4;
    %store/vec4 v0x5ddce0c76200_0, 0, 4;
    %jmp T_1.14;
T_1.8 ;
    %pushi/vec4 6, 0, 4;
    %store/vec4 v0x5ddce0c76200_0, 0, 4;
    %jmp T_1.14;
T_1.9 ;
    %pushi/vec4 4, 0, 4;
    %store/vec4 v0x5ddce0c76200_0, 0, 4;
    %jmp T_1.14;
T_1.10 ;
    %load/vec4 v0x5ddce0cbfab0_0;
    %flag_set/vec4 8;
    %jmp/0xz  T_1.17, 8;
    %pushi/vec4 11, 0, 4;
    %store/vec4 v0x5ddce0c76200_0, 0, 4;
    %jmp T_1.18;
T_1.17 ;
    %pushi/vec4 12, 0, 4;
    %store/vec4 v0x5ddce0c76200_0, 0, 4;
T_1.18 ;
    %jmp T_1.14;
T_1.11 ;
    %pushi/vec4 3, 0, 4;
    %store/vec4 v0x5ddce0c76200_0, 0, 4;
    %jmp T_1.14;
T_1.12 ;
    %pushi/vec4 2, 0, 4;
    %store/vec4 v0x5ddce0c76200_0, 0, 4;
    %jmp T_1.14;
T_1.14 ;
    %pop/vec4 1;
    %jmp T_1.4;
T_1.4 ;
    %pop/vec4 1;
    %jmp T_1;
    .thread T_1, $push;
    .scope S_0x5ddce0cc6ca0;
T_2 ;
    %wait E_0x5ddce0cc6f20;
    %load/vec4 v0x5ddce0cc7210_0;
    %flag_set/vec4 8;
    %jmp/0 T_2.0, 8;
    %pushi/vec4 0, 0, 32;
    %jmp/1 T_2.1, 8;
T_2.0 ; End of true expr.
    %load/vec4 v0x5ddce0cc7140_0;
    %jmp/0 T_2.1, 8;
 ; End of false expr.
    %blend;
T_2.1;
    %assign/vec4 v0x5ddce0cc7070_0, 0;
    %jmp T_2;
    .thread T_2;
    .scope S_0x5ddce0cc62e0;
T_3 ;
    %pushi/vec4 0, 0, 32;
    %store/vec4 v0x5ddce0cc6a00_0, 0, 32;
T_3.0 ;
    %load/vec4 v0x5ddce0cc6a00_0;
    %cmpi/s 128, 0, 32;
    %jmp/0xz T_3.1, 5;
    %pushi/vec4 0, 0, 32;
    %ix/getv/s 4, v0x5ddce0cc6a00_0;
    %store/vec4a v0x5ddce0cc6ae0, 4, 0;
    %load/vec4 v0x5ddce0cc6a00_0;
    %addi 1, 0, 32;
    %store/vec4 v0x5ddce0cc6a00_0, 0, 32;
    %jmp T_3.0;
T_3.1 ;
    %pushi/vec4 147, 0, 32;
    %ix/load 4, 0, 0;
    %flag_set/imm 4, 0;
    %store/vec4a v0x5ddce0cc6ae0, 4, 0;
    %pushi/vec4 1048851, 0, 32;
    %ix/load 4, 1, 0;
    %flag_set/imm 4, 0;
    %store/vec4a v0x5ddce0cc6ae0, 4, 0;
    %pushi/vec4 16777747, 0, 32;
    %ix/load 4, 2, 0;
    %flag_set/imm 4, 0;
    %store/vec4a v0x5ddce0cc6ae0, 4, 0;
    %pushi/vec4 2130867, 0, 32;
    %ix/load 4, 3, 0;
    %flag_set/imm 4, 0;
    %store/vec4a v0x5ddce0cc6ae0, 4, 0;
    %pushi/vec4 65683, 0, 32;
    %ix/load 4, 4, 0;
    %flag_set/imm 4, 0;
    %store/vec4a v0x5ddce0cc6ae0, 4, 0;
    %pushi/vec4 229651, 0, 32;
    %ix/load 4, 5, 0;
    %flag_set/imm 4, 0;
    %store/vec4a v0x5ddce0cc6ae0, 4, 0;
    %pushi/vec4 4294050323, 0, 32;
    %ix/load 4, 6, 0;
    %flag_set/imm 4, 0;
    %store/vec4a v0x5ddce0cc6ae0, 4, 0;
    %pushi/vec4 132195, 0, 32;
    %ix/load 4, 7, 0;
    %flag_set/imm 4, 0;
    %store/vec4a v0x5ddce0cc6ae0, 4, 0;
    %pushi/vec4 4273995887, 0, 32;
    %ix/load 4, 8, 0;
    %flag_set/imm 4, 0;
    %store/vec4a v0x5ddce0cc6ae0, 4, 0;
    %pushi/vec4 4259311727, 0, 32;
    %ix/load 4, 9, 0;
    %flag_set/imm 4, 0;
    %store/vec4a v0x5ddce0cc6ae0, 4, 0;
    %end;
    .thread T_3;
    .scope S_0x5ddce0cc5d00;
T_4 ;
    %wait E_0x5ddce0cc5f50;
    %load/vec4 v0x5ddce0cc60b0_0;
    %dup/vec4;
    %pushi/vec4 0, 0, 3;
    %cmp/u;
    %jmp/1 T_4.0, 6;
    %dup/vec4;
    %pushi/vec4 1, 0, 3;
    %cmp/u;
    %jmp/1 T_4.1, 6;
    %dup/vec4;
    %pushi/vec4 2, 0, 3;
    %cmp/u;
    %jmp/1 T_4.2, 6;
    %dup/vec4;
    %pushi/vec4 3, 0, 3;
    %cmp/u;
    %jmp/1 T_4.3, 6;
    %dup/vec4;
    %pushi/vec4 4, 0, 3;
    %cmp/u;
    %jmp/1 T_4.4, 6;
    %pushi/vec4 0, 0, 32;
    %store/vec4 v0x5ddce0cc5fd0_0, 0, 32;
    %jmp T_4.6;
T_4.0 ;
    %load/vec4 v0x5ddce0cc61a0_0;
    %parti/s 1, 31, 6;
    %replicate 20;
    %load/vec4 v0x5ddce0cc61a0_0;
    %parti/s 12, 20, 6;
    %concat/vec4; draw_concat_vec4
    %store/vec4 v0x5ddce0cc5fd0_0, 0, 32;
    %jmp T_4.6;
T_4.1 ;
    %load/vec4 v0x5ddce0cc61a0_0;
    %parti/s 1, 31, 6;
    %replicate 20;
    %load/vec4 v0x5ddce0cc61a0_0;
    %parti/s 7, 25, 6;
    %concat/vec4; draw_concat_vec4
    %load/vec4 v0x5ddce0cc61a0_0;
    %parti/s 5, 7, 4;
    %concat/vec4; draw_concat_vec4
    %store/vec4 v0x5ddce0cc5fd0_0, 0, 32;
    %jmp T_4.6;
T_4.2 ;
    %load/vec4 v0x5ddce0cc61a0_0;
    %parti/s 1, 31, 6;
    %replicate 20;
    %load/vec4 v0x5ddce0cc61a0_0;
    %parti/s 1, 7, 4;
    %concat/vec4; draw_concat_vec4
    %load/vec4 v0x5ddce0cc61a0_0;
    %parti/s 6, 25, 6;
    %concat/vec4; draw_concat_vec4
    %load/vec4 v0x5ddce0cc61a0_0;
    %parti/s 4, 8, 5;
    %concat/vec4; draw_concat_vec4
    %concati/vec4 0, 0, 1;
    %store/vec4 v0x5ddce0cc5fd0_0, 0, 32;
    %jmp T_4.6;
T_4.3 ;
    %load/vec4 v0x5ddce0cc61a0_0;
    %parti/s 1, 31, 6;
    %replicate 12;
    %load/vec4 v0x5ddce0cc61a0_0;
    %parti/s 8, 12, 5;
    %concat/vec4; draw_concat_vec4
    %load/vec4 v0x5ddce0cc61a0_0;
    %parti/s 1, 20, 6;
    %concat/vec4; draw_concat_vec4
    %load/vec4 v0x5ddce0cc61a0_0;
    %parti/s 10, 21, 6;
    %concat/vec4; draw_concat_vec4
    %concati/vec4 0, 0, 1;
    %store/vec4 v0x5ddce0cc5fd0_0, 0, 32;
    %jmp T_4.6;
T_4.4 ;
    %load/vec4 v0x5ddce0cc61a0_0;
    %parti/s 20, 12, 5;
    %concati/vec4 0, 0, 12;
    %store/vec4 v0x5ddce0cc5fd0_0, 0, 32;
    %jmp T_4.6;
T_4.6 ;
    %pop/vec4 1;
    %jmp T_4;
    .thread T_4, $push;
    .scope S_0x5ddce0cc8510;
T_5 ;
    %pushi/vec4 0, 0, 32;
    %store/vec4 v0x5ddce0cc9a30_0, 0, 32;
T_5.0 ;
    %load/vec4 v0x5ddce0cc9a30_0;
    %cmpi/s 32, 0, 32;
    %jmp/0xz T_5.1, 5;
    %pushi/vec4 0, 0, 32;
    %ix/getv/s 4, v0x5ddce0cc9a30_0;
    %store/vec4a v0x5ddce0cc9da0, 4, 0;
    %load/vec4 v0x5ddce0cc9a30_0;
    %addi 1, 0, 32;
    %store/vec4 v0x5ddce0cc9a30_0, 0, 32;
    %jmp T_5.0;
T_5.1 ;
    %end;
    .thread T_5;
    .scope S_0x5ddce0cc8510;
T_6 ;
    %wait E_0x5ddce0cc87d0;
    %load/vec4 v0x5ddce0cca450_0;
    %flag_set/vec4 9;
    %flag_get/vec4 9;
    %jmp/0 T_6.2, 9;
    %load/vec4 v0x5ddce0cc98b0_0;
    %pad/u 32;
    %pushi/vec4 0, 0, 32;
    %cmp/ne;
    %flag_get/vec4 4;
    %and;
T_6.2;
    %flag_set/vec4 8;
    %jmp/0xz  T_6.0, 8;
    %load/vec4 v0x5ddce0cca370_0;
    %load/vec4 v0x5ddce0cc98b0_0;
    %pad/u 7;
    %ix/vec4 3;
    %ix/load 4, 0, 0; Constant delay
    %assign/vec4/a/d v0x5ddce0cc9da0, 0, 4;
T_6.0 ;
    %jmp T_6;
    .thread T_6;
    .scope S_0x5ddce0cc3500;
T_7 ;
    %wait E_0x5ddce0c47d50;
    %load/vec4 v0x5ddce0cc4270_0;
    %dup/vec4;
    %pushi/vec4 0, 0, 4;
    %cmp/u;
    %jmp/1 T_7.0, 6;
    %dup/vec4;
    %pushi/vec4 1, 0, 4;
    %cmp/u;
    %jmp/1 T_7.1, 6;
    %dup/vec4;
    %pushi/vec4 2, 0, 4;
    %cmp/u;
    %jmp/1 T_7.2, 6;
    %dup/vec4;
    %pushi/vec4 3, 0, 4;
    %cmp/u;
    %jmp/1 T_7.3, 6;
    %dup/vec4;
    %pushi/vec4 4, 0, 4;
    %cmp/u;
    %jmp/1 T_7.4, 6;
    %dup/vec4;
    %pushi/vec4 5, 0, 4;
    %cmp/u;
    %jmp/1 T_7.5, 6;
    %dup/vec4;
    %pushi/vec4 6, 0, 4;
    %cmp/u;
    %jmp/1 T_7.6, 6;
    %dup/vec4;
    %pushi/vec4 10, 0, 4;
    %cmp/u;
    %jmp/1 T_7.7, 6;
    %dup/vec4;
    %pushi/vec4 11, 0, 4;
    %cmp/u;
    %jmp/1 T_7.8, 6;
    %dup/vec4;
    %pushi/vec4 12, 0, 4;
    %cmp/u;
    %jmp/1 T_7.9, 6;
    %pushi/vec4 0, 0, 32;
    %assign/vec4 v0x5ddce0cc44f0_0, 0;
    %jmp T_7.11;
T_7.0 ;
    %load/vec4 v0x5ddce0cc4710_0;
    %assign/vec4 v0x5ddce0cc44f0_0, 0;
    %jmp T_7.11;
T_7.1 ;
    %load/vec4 v0x5ddce0cc4710_0;
    %assign/vec4 v0x5ddce0cc44f0_0, 0;
    %jmp T_7.11;
T_7.2 ;
    %load/vec4 v0x5ddce0cc4190_0;
    %load/vec4 v0x5ddce0cc4410_0;
    %and;
    %assign/vec4 v0x5ddce0cc44f0_0, 0;
    %jmp T_7.11;
T_7.3 ;
    %load/vec4 v0x5ddce0cc4190_0;
    %load/vec4 v0x5ddce0cc4410_0;
    %or;
    %assign/vec4 v0x5ddce0cc44f0_0, 0;
    %jmp T_7.11;
T_7.4 ;
    %load/vec4 v0x5ddce0cc4190_0;
    %load/vec4 v0x5ddce0cc4410_0;
    %xor;
    %assign/vec4 v0x5ddce0cc44f0_0, 0;
    %jmp T_7.11;
T_7.5 ;
    %pushi/vec4 0, 0, 31;
    %load/vec4 v0x5ddce0cc45d0_0;
    %concat/vec4; draw_concat_vec4
    %assign/vec4 v0x5ddce0cc44f0_0, 0;
    %jmp T_7.11;
T_7.6 ;
    %pushi/vec4 0, 0, 31;
    %load/vec4 v0x5ddce0cc4670_0;
    %concat/vec4; draw_concat_vec4
    %assign/vec4 v0x5ddce0cc44f0_0, 0;
    %jmp T_7.11;
T_7.7 ;
    %load/vec4 v0x5ddce0cc4190_0;
    %load/vec4 v0x5ddce0cc4410_0;
    %parti/s 5, 0, 2;
    %ix/vec4 4;
    %shiftl 4;
    %assign/vec4 v0x5ddce0cc44f0_0, 0;
    %jmp T_7.11;
T_7.8 ;
    %load/vec4 v0x5ddce0cc4190_0;
    %load/vec4 v0x5ddce0cc4410_0;
    %parti/s 5, 0, 2;
    %ix/vec4 4;
    %shiftr/s 4;
    %assign/vec4 v0x5ddce0cc44f0_0, 0;
    %jmp T_7.11;
T_7.9 ;
    %load/vec4 v0x5ddce0cc4190_0;
    %load/vec4 v0x5ddce0cc4410_0;
    %parti/s 5, 0, 2;
    %ix/vec4 4;
    %shiftr 4;
    %assign/vec4 v0x5ddce0cc44f0_0, 0;
    %jmp T_7.11;
T_7.11 ;
    %pop/vec4 1;
    %load/vec4 v0x5ddce0cc44f0_0;
    %pushi/vec4 0, 0, 32;
    %cmp/e;
    %flag_get/vec4 4;
    %store/vec4 v0x5ddce0cc4890_0, 0, 1;
    %load/vec4 v0x5ddce0cc44f0_0;
    %store/vec4 v0x5ddce0cc4330_0, 0, 32;
    %jmp T_7;
    .thread T_7, $push;
    .scope S_0x5ddce0cc5060;
T_8 ;
    %pushi/vec4 0, 0, 32;
    %store/vec4 v0x5ddce0cc5930_0, 0, 32;
T_8.0 ;
    %load/vec4 v0x5ddce0cc5930_0;
    %cmpi/s 128, 0, 32;
    %jmp/0xz T_8.1, 5;
    %pushi/vec4 0, 0, 32;
    %ix/getv/s 4, v0x5ddce0cc5930_0;
    %store/vec4a v0x5ddce0cc5870, 4, 0;
    %load/vec4 v0x5ddce0cc5930_0;
    %addi 1, 0, 32;
    %store/vec4 v0x5ddce0cc5930_0, 0, 32;
    %jmp T_8.0;
T_8.1 ;
    %end;
    .thread T_8;
    .scope S_0x5ddce0cc5060;
T_9 ;
    %wait E_0x5ddce0c473e0;
    %load/vec4 v0x5ddce0cc5be0_0;
    %flag_set/vec4 8;
    %jmp/0xz  T_9.0, 8;
    %load/vec4 v0x5ddce0cc5af0_0;
    %load/vec4 v0x5ddce0cc56c0_0;
    %parti/s 7, 2, 3;
    %pad/u 9;
    %ix/vec4 3;
    %ix/load 4, 0, 0; Constant delay
    %assign/vec4/a/d v0x5ddce0cc5870, 0, 4;
T_9.0 ;
    %jmp T_9;
    .thread T_9;
    .scope S_0x5ddce0cca6b0;
T_10 ;
    %wait E_0x5ddce0cca8c0;
    %load/vec4 v0x5ddce0ccadb0_0;
    %dup/vec4;
    %pushi/vec4 0, 0, 2;
    %cmp/u;
    %jmp/1 T_10.0, 6;
    %dup/vec4;
    %pushi/vec4 1, 0, 2;
    %cmp/u;
    %jmp/1 T_10.1, 6;
    %dup/vec4;
    %pushi/vec4 2, 0, 2;
    %cmp/u;
    %jmp/1 T_10.2, 6;
    %pushi/vec4 0, 0, 32;
    %store/vec4 v0x5ddce0ccaca0_0, 0, 32;
    %jmp T_10.4;
T_10.0 ;
    %load/vec4 v0x5ddce0cca920_0;
    %store/vec4 v0x5ddce0ccaca0_0, 0, 32;
    %jmp T_10.4;
T_10.1 ;
    %load/vec4 v0x5ddce0ccab60_0;
    %store/vec4 v0x5ddce0ccaca0_0, 0, 32;
    %jmp T_10.4;
T_10.2 ;
    %load/vec4 v0x5ddce0ccaa50_0;
    %store/vec4 v0x5ddce0ccaca0_0, 0, 32;
    %jmp T_10.4;
T_10.4 ;
    %pop/vec4 1;
    %jmp T_10;
    .thread T_10, $push;
    .scope S_0x5ddce0c992c0;
T_11 ;
    %pushi/vec4 0, 0, 1;
    %store/vec4 v0x5ddce0ccd730_0, 0, 1;
T_11.0 ;
    %delay 5000, 0;
    %load/vec4 v0x5ddce0ccd730_0;
    %inv;
    %store/vec4 v0x5ddce0ccd730_0, 0, 1;
    %jmp T_11.0;
    %end;
    .thread T_11;
    .scope S_0x5ddce0c992c0;
T_12 ;
    %pushi/vec4 1, 0, 1;
    %store/vec4 v0x5ddce0ccd7d0_0, 0, 1;
    %delay 100000, 0;
    %pushi/vec4 0, 0, 1;
    %store/vec4 v0x5ddce0ccd7d0_0, 0, 1;
    %end;
    .thread T_12;
    .scope S_0x5ddce0c992c0;
T_13 ;
    %vpi_call 2 23 "$dumpfile", "top_tb.vcd" {0 0 0};
    %vpi_call 2 24 "$dumpvars", 32'sb00000000000000000000000000000000, S_0x5ddce0c9d850 {0 0 0};
    %delay 5000000, 0;
    %vpi_call 2 26 "$finish" {0 0 0};
    %end;
    .thread T_13;
# The file index is used to find the file name in the following table.
:file_names 19;
    "N/A";
    "<interactive>";
    "top_tb.v";
    "top.v";
    "control_path.v";
    "alu_decoder.v";
    "main_decoder.v";
    "data_path.v";
    "alu.v";
    "alu_mux2.v";
    "data_memory.v";
    "extend.v";
    "instruction_memory.v";
    "pc_flop.v";
    "pc_plus_4.v";
    "pc_target.v";
    "pc_mux.v";
    "reg_file.v";
    "result_mux.v";
